<?xml version="1.0" encoding="UTF-8"?>
<testsuite xmlns:xsi="http://www.w3.org/2001/XMLSchema-instance" xsi:noNamespaceSchemaLocation="https://maven.apache.org/surefire/maven-surefire-plugin/xsd/surefire-test-report.xsd" version="3.0.2" name="RunCucumberTest" time="11.784" tests="1" errors="0" skipped="0" failures="0" flakes="0">
  <properties>
[...]
</properties>
  <testcase name="The Internet - Homepage has a list of links to Expected examples" classname="RunCucumberTest" time="11.161">
    <system-out><![CDATA[
@TEST_TI_0001
&amp#27;[1mScenario:&amp#27;[22m Homepage has a list of links to Expected examples           &amp#27;[90m# classpath:features/theInternet.feature:5&amp#27;[39m
Stashing : exampleKey1
  &amp#27;[32m✔&amp#27;[39m &amp#27;[32m&amp#27;[1mGiven &amp#27;[22mthe page under test is '&amp#27;[1mhttps://the-internet.herokuapp.com&amp#27;[22m'&amp#27;[39m &amp#27;[90m# glue.Navigation.navToPage(java.lang.String)&amp#27;[39m
]]></system-out>
  </testcase>
</testsuite>